Release 14.7 - xst P.20131013 (lin64)
Copyright (c) 1995-2013 Xilinx, Inc.  All rights reserved.
--> 
Parameter TMPDIR set to xst/projnav.tmp


Total REAL time to Xst completion: 0.00 secs
Total CPU time to Xst completion: 0.05 secs
 
--> 
Parameter xsthdpdir set to xst


Total REAL time to Xst completion: 0.00 secs
Total CPU time to Xst completion: 0.05 secs
 
--> 
Reading design: blink_top.prj

TABLE OF CONTENTS
  1) Synthesis Options Summary
  2) HDL Compilation
  3) Design Hierarchy Analysis
  4) HDL Analysis
  5) HDL Synthesis
     5.1) HDL Synthesis Report
  6) Advanced HDL Synthesis
     6.1) Advanced HDL Synthesis Report
  7) Low Level Synthesis
  8) Partition Report
  9) Final Report
	9.1) Device utilization summary
	9.2) Partition Resource Summary
	9.3) TIMING REPORT


=========================================================================
*                      Synthesis Options Summary                        *
=========================================================================
---- Source Parameters
Input File Name                    : "blink_top.prj"
Input Format                       : mixed
Ignore Synthesis Constraint File   : NO

---- Target Parameters
Output File Name                   : "blink_top"
Output Format                      : NGC
Target Device                      : xc5vlx110t-1-ff1136

---- Source Options
Top Module Name                    : blink_top
Automatic FSM Extraction           : YES
FSM Encoding Algorithm             : Auto
Safe Implementation                : No
FSM Style                          : LUT
RAM Extraction                     : Yes
RAM Style                          : Auto
ROM Extraction                     : Yes
Mux Style                          : Auto
Decoder Extraction                 : YES
Priority Encoder Extraction        : Yes
Shift Register Extraction          : YES
Logical Shifter Extraction         : YES
XOR Collapsing                     : YES
ROM Style                          : Auto
Mux Extraction                     : Yes
Resource Sharing                   : YES
Asynchronous To Synchronous        : NO
Use DSP Block                      : Auto
Automatic Register Balancing       : No

---- Target Options
LUT Combining                      : Auto
Reduce Control Sets                : Auto
Add IO Buffers                     : YES
Global Maximum Fanout              : 100000
Add Generic Clock Buffer(BUFG)     : 32
Register Duplication               : YES
Slice Packing                      : YES
Optimize Instantiated Primitives   : NO
Use Clock Enable                   : Auto
Use Synchronous Set                : Auto
Use Synchronous Reset              : Auto
Pack IO Registers into IOBs        : Auto
Equivalent register Removal        : YES

---- General Options
Optimization Goal                  : Speed
Optimization Effort                : 1
Power Reduction                    : NO
Keep Hierarchy                     : No
Netlist Hierarchy                  : As_Optimized
RTL Output                         : Yes
Global Optimization                : AllClockNets
Read Cores                         : YES
Write Timing Constraints           : NO
Cross Clock Analysis               : NO
Hierarchy Separator                : /
Bus Delimiter                      : <>
Case Specifier                     : Maintain
Slice Utilization Ratio            : 100
BRAM Utilization Ratio             : 100
DSP48 Utilization Ratio            : 100
Verilog 2001                       : YES
Auto BRAM Packing                  : NO
Slice Utilization Ratio Delta      : 5

=========================================================================


=========================================================================
*                          HDL Compilation                              *
=========================================================================
Compiling verilog file "../config_ind.v" in library work
Compiling verilog file "../blink_top.v" in library work
Module <config_ind> compiled
Module <blink_top> compiled
No errors in compilation
Analysis of file <"blink_top.prj"> succeeded.
 

=========================================================================
*                     Design Hierarchy Analysis                         *
=========================================================================
Analyzing hierarchy for module <blink_top> in library <work>.

Analyzing hierarchy for module <config_ind> in library <work> with parameters.
	NBITS = "00000000000000000000000000011010"
	N_CYC_HALF_SEC = "00000010111110101111000010000000"
	P_CLK_FREQ_HZ = "00000101111101011110000100000000"


=========================================================================
*                            HDL Analysis                               *
=========================================================================
Analyzing top module <blink_top>.
Module <blink_top> is correct for synthesis.
 
Analyzing module <config_ind> in library <work>.
	NBITS = 32'sb00000000000000000000000000011010
	N_CYC_HALF_SEC = 32'sb00000010111110101111000010000000
	P_CLK_FREQ_HZ = 32'sb00000101111101011110000100000000
Module <config_ind> is correct for synthesis.
 

=========================================================================
*                           HDL Synthesis                               *
=========================================================================

Performing bidirectional port resolution...

Synthesizing Unit <config_ind>.
    Related source file is "../config_ind.v".
    Found 1-bit register for signal <blink_configed>.
    Found 26-bit up counter for signal <count>.
    Summary:
	inferred   1 Counter(s).
	inferred   1 D-type flip-flop(s).
Unit <config_ind> synthesized.


Synthesizing Unit <blink_top>.
    Related source file is "../blink_top.v".
Unit <blink_top> synthesized.


=========================================================================
HDL Synthesis Report

Macro Statistics
# Counters                                             : 1
 26-bit up counter                                     : 1
# Registers                                            : 1
 1-bit register                                        : 1

=========================================================================

=========================================================================
*                       Advanced HDL Synthesis                          *
=========================================================================


=========================================================================
Advanced HDL Synthesis Report

Macro Statistics
# Counters                                             : 1
 26-bit up counter                                     : 1
# Registers                                            : 1
 Flip-Flops                                            : 1

=========================================================================

=========================================================================
*                         Low Level Synthesis                           *
=========================================================================

Optimizing unit <blink_top> ...

Mapping all equations...
Building and optimizing final netlist ...
Found area constraint ratio of 100 (+ 5) on block blink_top, actual ratio is 0.

Final Macro Processing ...

=========================================================================
Final Register Report

Macro Statistics
# Registers                                            : 27
 Flip-Flops                                            : 27

=========================================================================

=========================================================================
*                           Partition Report                            *
=========================================================================

Partition Implementation Status
-------------------------------

  No Partitions were found in this design.

-------------------------------

=========================================================================
*                            Final Report                               *
=========================================================================
Final Results
RTL Top Level Output File Name     : blink_top.ngr
Top Level Output File Name         : blink_top
Output Format                      : NGC
Optimization Goal                  : Speed
Keep Hierarchy                     : No

Design Statistics
# IOs                              : 3

Cell Usage :
# BELS                             : 112
#      GND                         : 1
#      INV                         : 3
#      LUT1                        : 25
#      LUT2                        : 26
#      LUT6                        : 5
#      MUXCY                       : 25
#      VCC                         : 1
#      XORCY                       : 26
# FlipFlops/Latches                : 27
#      FDC                         : 26
#      FDCE                        : 1
# Clock Buffers                    : 1
#      BUFGP                       : 1
# IO Buffers                       : 2
#      IBUF                        : 1
#      OBUF                        : 1
=========================================================================

Device utilization summary:
---------------------------

Selected Device : 5vlx110tff1136-1 


Slice Logic Utilization: 
 Number of Slice Registers:              27  out of  69120     0%  
 Number of Slice LUTs:                   59  out of  69120     0%  
    Number used as Logic:                59  out of  69120     0%  

Slice Logic Distribution: 
 Number of LUT Flip Flop pairs used:     59
   Number with an unused Flip Flop:      32  out of     59    54%  
   Number with an unused LUT:             0  out of     59     0%  
   Number of fully used LUT-FF pairs:    27  out of     59    45%  
   Number of unique control sets:         2

IO Utilization: 
 Number of IOs:                           3
 Number of bonded IOBs:                   3  out of    640     0%  

Specific Feature Utilization:
 Number of BUFG/BUFGCTRLs:                1  out of     32     3%  

---------------------------
Partition Resource Summary:
---------------------------

  No Partitions were found in this design.

---------------------------


=========================================================================
TIMING REPORT

NOTE: THESE TIMING NUMBERS ARE ONLY A SYNTHESIS ESTIMATE.
      FOR ACCURATE TIMING INFORMATION PLEASE REFER TO THE TRACE REPORT
      GENERATED AFTER PLACE-and-ROUTE.

Clock Information:
------------------
-----------------------------------+------------------------+-------+
Clock Signal                       | Clock buffer(FF name)  | Load  |
-----------------------------------+------------------------+-------+
USER_CLK                           | BUFGP                  | 27    |
-----------------------------------+------------------------+-------+

Asynchronous Control Signals Information:
----------------------------------------
-----------------------------------------------------+---------------------------------+-------+
Control Signal                                       | Buffer(FF name)                 | Load  |
-----------------------------------------------------+---------------------------------+-------+
CONFIG_IND0/rst_n_inv(CONFIG_IND0/rst_n_inv1_INV_0:O)| NONE(CONFIG_IND0/blink_configed)| 27    |
-----------------------------------------------------+---------------------------------+-------+

Timing Summary:
---------------
Speed Grade: -1

   Minimum period: 3.222ns (Maximum Frequency: 310.331MHz)
   Minimum input arrival time before clock: No path found
   Maximum output required time after clock: 3.264ns
   Maximum combinational path delay: No path found

Timing Detail:
--------------
All values displayed in nanoseconds (ns)

=========================================================================
Timing constraint: Default period analysis for Clock 'USER_CLK'
  Clock period: 3.222ns (frequency: 310.331MHz)
  Total number of paths / destination ports: 1054 / 28
-------------------------------------------------------------------------
Delay:               3.222ns (Levels of Logic = 3)
  Source:            CONFIG_IND0/count_5 (FF)
  Destination:       CONFIG_IND0/count_0 (FF)
  Source Clock:      USER_CLK rising
  Destination Clock: USER_CLK rising

  Data Path: CONFIG_IND0/count_5 to CONFIG_IND0/count_0
                                Gate     Net
    Cell:in->out      fanout   Delay   Delay  Logical Name (Net Name)
    ----------------------------------------  ------------
     FDC:C->Q              2   0.471   1.074  CONFIG_IND0/count_5 (CONFIG_IND0/count_5)
     LUT6:I0->O            1   0.094   0.789  CONFIG_IND0/count_cmp_eq0000112_SW0 (N01)
     LUT6:I2->O           27   0.094   0.606  CONFIG_IND0/count_cmp_eq0000112 (CONFIG_IND0/count_cmp_eq0000)
     LUT2:I1->O            1   0.094   0.000  CONFIG_IND0/Mcount_count_eqn_91 (CONFIG_IND0/Mcount_count_eqn_9)
     FDC:D                    -0.018          CONFIG_IND0/count_9
    ----------------------------------------
    Total                      3.222ns (0.753ns logic, 2.469ns route)
                                       (23.4% logic, 76.6% route)

=========================================================================
Timing constraint: Default OFFSET OUT AFTER for Clock 'USER_CLK'
  Total number of paths / destination ports: 1 / 1
-------------------------------------------------------------------------
Offset:              3.264ns (Levels of Logic = 1)
  Source:            CONFIG_IND0/blink_configed (FF)
  Destination:       GPIO_LED_N (PAD)
  Source Clock:      USER_CLK rising

  Data Path: CONFIG_IND0/blink_configed to GPIO_LED_N
                                Gate     Net
    Cell:in->out      fanout   Delay   Delay  Logical Name (Net Name)
    ----------------------------------------  ------------
     FDCE:C->Q             2   0.471   0.341  CONFIG_IND0/blink_configed (CONFIG_IND0/blink_configed)
     OBUF:I->O                 2.452          GPIO_LED_N_OBUF (GPIO_LED_N)
    ----------------------------------------
    Total                      3.264ns (2.923ns logic, 0.341ns route)
                                       (89.6% logic, 10.4% route)

=========================================================================


Total REAL time to Xst completion: 5.00 secs
Total CPU time to Xst completion: 4.41 secs
 
--> 


Total memory usage is 548168 kilobytes

Number of errors   :    0 (   0 filtered)
Number of warnings :    0 (   0 filtered)
Number of infos    :    0 (   0 filtered)

